0 info it worked if it ends with ok
1 verbose cli [ 'C:\\Program Files\\nodejs\\node.exe',
1 verbose cli   'C:\\Program Files\\nodejs\\node_modules\\npm\\bin\\npm-cli.js',
1 verbose cli   'run',
1 verbose cli   'watch' ]
2 info using npm@3.10.10
3 info using node@v6.11.3
4 verbose run-script [ 'prewatch', 'watch', 'postwatch' ]
5 info lifecycle RockyBoy@1.0.0~prewatch: RockyBoy@1.0.0
6 silly lifecycle RockyBoy@1.0.0~prewatch: no script for prewatch, continuing
7 info lifecycle RockyBoy@1.0.0~watch: RockyBoy@1.0.0
8 verbose lifecycle RockyBoy@1.0.0~watch: unsafe-perm in lifecycle true
9 verbose lifecycle RockyBoy@1.0.0~watch: PATH: C:\Program Files\nodejs\node_modules\npm\bin\node-gyp-bin;C:\Users\Christopher\Documents\GitHub\babystore\node_modules\.bin;C:\ProgramData\Oracle\Java\javapath;C:\Program Files (x86)\NVIDIA Corporation\PhysX\Common;C:\Program Files (x86)\Intel\iCLS Client\;C:\Program Files\Intel\iCLS Client\;C:\WINDOWS\system32;C:\WINDOWS;C:\WINDOWS\System32\Wbem;C:\WINDOWS\System32\WindowsPowerShell\v1.0\;C:\Program Files\Intel\Intel(R) Management Engine Components\DAL;C:\Program Files\Intel\Intel(R) Management Engine Components\IPT;C:\Program Files (x86)\Intel\Intel(R) Management Engine Components\DAL;C:\Program Files (x86)\Intel\Intel(R) Management Engine Components\IPT;C:\Program Files (x86)\QuickTime\QTSystem\;C:\Program Files (x86)\Heroku\bin;C:\Program Files (x86)\git\cmd;C:\Program Files (x86)\Microsoft SQL Server\Client SDK\ODBC\110\Tools\Binn\;C:\Program Files (x86)\Microsoft SQL Server\120\Tools\Binn\;C:\Program Files (x86)\Microsoft SQL Server\120\DTS\Binn\;C:\Program Files (x86)\Microsoft SQL Server\120\Tools\Binn\ManagementStudio\;C:\HashiCorp\Vagrant\bin;C:\Program Files (x86)\Skype\Phone\;C:\Program Files\nodejs\;C:\Ruby24-x64\bin;C:\Program Files\Java\jdk1.8.0_112\bin;C:\Users\Christopher\AppData\Local\Microsoft\WindowsApps;C:\Program Files\Microsoft VS Code\bin;C:\Users\Christopher\AppData\Roaming\npm;C:\Users\Christopher\AppData\Local\atom\bin
10 verbose lifecycle RockyBoy@1.0.0~watch: CWD: C:\Users\Christopher\Documents\GitHub\babystore
11 silly lifecycle RockyBoy@1.0.0~watch: Args: [ '/d /s /c', 'gulp' ]
12 silly lifecycle RockyBoy@1.0.0~watch: Returned: code: 1  signal: null
13 info lifecycle RockyBoy@1.0.0~watch: Failed to exec watch script
14 verbose stack Error: RockyBoy@1.0.0 watch: `gulp`
14 verbose stack Exit status 1
14 verbose stack     at EventEmitter.<anonymous> (C:\Program Files\nodejs\node_modules\npm\lib\utils\lifecycle.js:255:16)
14 verbose stack     at emitTwo (events.js:106:13)
14 verbose stack     at EventEmitter.emit (events.js:191:7)
14 verbose stack     at ChildProcess.<anonymous> (C:\Program Files\nodejs\node_modules\npm\lib\utils\spawn.js:40:14)
14 verbose stack     at emitTwo (events.js:106:13)
14 verbose stack     at ChildProcess.emit (events.js:191:7)
14 verbose stack     at maybeClose (internal/child_process.js:920:16)
14 verbose stack     at Process.ChildProcess._handle.onexit (internal/child_process.js:230:5)
15 verbose pkgid RockyBoy@1.0.0
16 verbose cwd C:\Users\Christopher\Documents\GitHub\babystore
17 error Windows_NT 10.0.15063
18 error argv "C:\\Program Files\\nodejs\\node.exe" "C:\\Program Files\\nodejs\\node_modules\\npm\\bin\\npm-cli.js" "run" "watch"
19 error node v6.11.3
20 error npm  v3.10.10
21 error code ELIFECYCLE
22 error RockyBoy@1.0.0 watch: `gulp`
22 error Exit status 1
23 error Failed at the RockyBoy@1.0.0 watch script 'gulp'.
23 error Make sure you have the latest version of node.js and npm installed.
23 error If you do, this is most likely a problem with the RockyBoy package,
23 error not with npm itself.
23 error Tell the author that this fails on your system:
23 error     gulp
23 error You can get information on how to open an issue for this project with:
23 error     npm bugs RockyBoy
23 error Or if that isn't available, you can get their info via:
23 error     npm owner ls RockyBoy
23 error There is likely additional logging output above.
24 verbose exit [ 1, true ]
